<?xml version="1.0" encoding="UTF-8"?>
<!-- Generated by org.testng.reporters.JUnitXMLReporter -->
<testsuite hostname="Ashrafuls-MBP.fios-router.home" failures="1" tests="50" name="/Users/ashraf/Documents/SeleniumPagefactoryFramework" time="542.576" errors="0" timestamp="12 Oct 2019 16:41:41 GMT">
  <testcase classname="homePage.homePageTest" name="homePageContactInfoVerify" time="4.113"/>
  <testcase classname="homePage.homePageTest" name="SearchVerify" time="3.001"/>
  <testcase classname="homePage.homePageTest" name="verifyHatSearch" time="2.556"/>
  <testcase classname="homePage.homePageTest" name="verifyShoeSearch" time="2.607"/>
  <testcase classname="homePage.homePageTest" name="verifyDressSearch" time="3.551"/>
  <testcase classname="homePage.homePageTest" name="verifyBlouseSearch" time="2.828"/>
  <testcase classname="homePage.homePageTest" name="verifyWomenButton" time="0.678"/>
  <testcase classname="homePage.homePageTest" name="verifyTshirtButton" time="0.34"/>
  <testcase classname="homePage.homePageTest" name="verifyPopularButton" time="2.355"/>
  <testcase classname="homePage.homePageTest" name="verifyBestSellersButton" time="1.915"/>
  <testcase classname="homePage.homePageTest" name="verifySpecialsButton" time="0.332"/>
  <testcase classname="homePage.homePageTest" name="verifyNewProductsButton" time="0.282"/>
  <testcase classname="homePage.homePageTest" name="verifyBestsellersButton" time="0.275"/>
  <testcase classname="homePage.homePageTest" name="verifyOurStoresButton" time="0.698"/>
  <testcase classname="homePage.homePageTest" name="verifyContactUsButton" time="0.607"/>
  <testcase classname="homePage.homePageTest" name="verifyAboutUsButton" time="0.331"/>
  <testcase classname="homePage.homePageTest" name="verifySitemapButton" time="0.293"/>
  <testcase classname="homePage.homePageTest" name="verifyMyOrdersButton" time="0.314"/>
  <testcase classname="homePage.homePageTest" name="verifyMyCreditSlipsButton" time="0.304"/>
  <testcase classname="homePage.homePageTest" name="verifyMyAddressesButton" time="0.301"/>
  <testcase classname="homePage.homePageTest" name="verifyMyPersonalinfoButton" time="0.28"/>
  <testcase classname="homePage.homePageTest" name="verifyCustomerService" time="2.037"/>
  <testcase classname="login.LoginTest" name="invalidLoginVerify" time="5.439"/>
  <testcase classname="login.LoginTest" name="validLoginVerify" time="5.276"/>
  <testcase classname="login.LoginTest" name="validLoginWithLogOutVerify" time="2.699"/>
  <testcase classname="login.LoginTest" name="invalidCreateAccountVerify" time="4.237"/>
  <testcase classname="login.LoginTest" name="invalidSignUpAccountVerify" time="9.294"/>
  <testcase classname="contactPage.ContactPageTest" name="verifyCustomerContact" time="9.32"/>
  <testcase classname="catalogPage.CatalogPageTest" name="verifyCatalogWomenDisplay" time="0.402"/>
  <testcase classname="catalogPage.CatalogPageTest" name="verifyCatalogDressDisplay" time="0.494"/>
  <testcase classname="catalogPage.CatalogPageTest" name="verifyCatalogTshirtDisplay" time="0.349"/>
  <testcase classname="catalogPage.CatalogPageTest" name="verifyWomenTshirtsDisplay" time="0.613"/>
  <testcase classname="catalogPage.CatalogPageTest" name="verifyWomenBlousesDisplay" time="0.587"/>
  <testcase classname="catalogPage.CatalogPageTest" name="verifyWomenCasualDressesDisplay" time="0.571"/>
  <testcase classname="catalogPage.CatalogPageTest" name="verifyWomenEveningDressesDisplay" time="0.643"/>
  <testcase classname="catalogPage.CatalogPageTest" name="verifyWomenSummerDressesDisplay" time="0.98"/>
  <testcase classname="catalogPage.CatalogPageTest" name="verifyWomenFilerProduct" time="270.125">
    <failure type="org.openqa.selenium.UnsupportedCommandException" message="ERROR The test with session id adda86ad3d89493589ae6eb798c4b9a7 has already finished, and can&amp;apos;t receive further commands.
You can learn more at https://app.saucelabs.com/tests/adda86ad3d89493589ae6eb798c4b9a7
For help, please check https://wiki.saucelabs.com/display/DOCS/Common+Error+Messages
Command duration or timeout: 93 milliseconds
Build info: version: &amp;apos;4.0.0-alpha-1&amp;apos;, revision: &amp;apos;d1d3728cae&amp;apos;, time: &amp;apos;2019-04-24T13:42:21&amp;apos;
System info: host: &amp;apos;Ashrafuls-MBP.fios-router.home&amp;apos;, ip: &amp;apos;fe80:0:0:0:1809:10ad:d156:a976%en0&amp;apos;, os.name: &amp;apos;Mac OS X&amp;apos;, os.arch: &amp;apos;x86_64&amp;apos;, os.version: &amp;apos;10.15&amp;apos;, java.version: &amp;apos;11.0.2&amp;apos;
Driver info: org.openqa.selenium.remote.RemoteWebDriver
Capabilities {acceptInsecureCerts: false, acceptSslCerts: false, applicationCacheEnabled: false, browserConnectionEnabled: false, browserName: chrome, chrome: {chromedriverVersion: 77.0.3865.40 (f484704e052e0..., userDataDir: /var/folders/vl/hxyc1ht91p1...}, cssSelectorsEnabled: true, databaseEnabled: false, goog:chromeOptions: {debuggerAddress: localhost:49208}, handlesAlerts: true, hasMetadata: true, hasTouchScreen: false, javascriptEnabled: true, locationContextEnabled: true, mobileEmulationEnabled: false, nativeEvents: true, networkConnectionEnabled: false, pageLoadStrategy: normal, platform: MAC, platformName: MAC, proxy: Proxy(), rotatable: false, setWindowRect: true, strictFileInteractability: false, takesHeapSnapshot: true, takesScreenshot: true, timeouts: {implicit: 0, pageLoad: 300000, script: 30000}, unexpectedAlertBehaviour: ignore, unhandledPromptBehavior: ignore, version: 77.0.3865.75, webStorageEnabled: true, webdriver.remote.sessionid: adda86ad3d89493589ae6eb798c...}
Session ID: adda86ad3d89493589ae6eb798c4b9a7">
      <![CDATA[org.openqa.selenium.UnsupportedCommandException: ERROR The test with session id adda86ad3d89493589ae6eb798c4b9a7 has already finished, and can't receive further commands.
You can learn more at https://app.saucelabs.com/tests/adda86ad3d89493589ae6eb798c4b9a7
For help, please check https://wiki.saucelabs.com/display/DOCS/Common+Error+Messages
Command duration or timeout: 93 milliseconds
Build info: version: '4.0.0-alpha-1', revision: 'd1d3728cae', time: '2019-04-24T13:42:21'
System info: host: 'Ashrafuls-MBP.fios-router.home', ip: 'fe80:0:0:0:1809:10ad:d156:a976%en0', os.name: 'Mac OS X', os.arch: 'x86_64', os.version: '10.15', java.version: '11.0.2'
Driver info: org.openqa.selenium.remote.RemoteWebDriver
Capabilities {acceptInsecureCerts: false, acceptSslCerts: false, applicationCacheEnabled: false, browserConnectionEnabled: false, browserName: chrome, chrome: {chromedriverVersion: 77.0.3865.40 (f484704e052e0..., userDataDir: /var/folders/vl/hxyc1ht91p1...}, cssSelectorsEnabled: true, databaseEnabled: false, goog:chromeOptions: {debuggerAddress: localhost:49208}, handlesAlerts: true, hasMetadata: true, hasTouchScreen: false, javascriptEnabled: true, locationContextEnabled: true, mobileEmulationEnabled: false, nativeEvents: true, networkConnectionEnabled: false, pageLoadStrategy: normal, platform: MAC, platformName: MAC, proxy: Proxy(), rotatable: false, setWindowRect: true, strictFileInteractability: false, takesHeapSnapshot: true, takesScreenshot: true, timeouts: {implicit: 0, pageLoad: 300000, script: 30000}, unexpectedAlertBehaviour: ignore, unhandledPromptBehavior: ignore, version: 77.0.3865.75, webStorageEnabled: true, webdriver.remote.sessionid: adda86ad3d89493589ae6eb798c...}
Session ID: adda86ad3d89493589ae6eb798c4b9a7
	at java.base/jdk.internal.reflect.NativeConstructorAccessorImpl.newInstance0(Native Method)
	at java.base/jdk.internal.reflect.NativeConstructorAccessorImpl.newInstance(NativeConstructorAccessorImpl.java:62)
	at java.base/jdk.internal.reflect.DelegatingConstructorAccessorImpl.newInstance(DelegatingConstructorAccessorImpl.java:45)
	at java.base/java.lang.reflect.Constructor.newInstance(Constructor.java:490)
	at org.openqa.selenium.remote.ErrorHandler.createThrowable(ErrorHandler.java:214)
	at org.openqa.selenium.remote.ErrorHandler.throwIfResponseFailed(ErrorHandler.java:166)
	at org.openqa.selenium.remote.RemoteWebDriver.execute(RemoteWebDriver.java:611)
	at org.openqa.selenium.remote.RemoteWebElement.execute(RemoteWebElement.java:308)
	at org.openqa.selenium.remote.RemoteWebElement.isDisplayed(RemoteWebElement.java:355)
	at java.base/jdk.internal.reflect.NativeMethodAccessorImpl.invoke0(Native Method)
	at java.base/jdk.internal.reflect.NativeMethodAccessorImpl.invoke(NativeMethodAccessorImpl.java:62)
	at java.base/jdk.internal.reflect.DelegatingMethodAccessorImpl.invoke(DelegatingMethodAccessorImpl.java:43)
	at java.base/java.lang.reflect.Method.invoke(Method.java:566)
	at org.openqa.selenium.support.pagefactory.internal.LocatingElementHandler.invoke(LocatingElementHandler.java:52)
	at com.sun.proxy.$Proxy12.isDisplayed(Unknown Source)
	at controller.CatalogPage.womenCatalogeFilter(CatalogPage.java:50)
	at catalogPage.CatalogPageTest.verifyWomenFilerProduct(CatalogPageTest.java:98)
	at java.base/jdk.internal.reflect.NativeMethodAccessorImpl.invoke0(Native Method)
	at java.base/jdk.internal.reflect.NativeMethodAccessorImpl.invoke(NativeMethodAccessorImpl.java:62)
	at java.base/jdk.internal.reflect.DelegatingMethodAccessorImpl.invoke(DelegatingMethodAccessorImpl.java:43)
	at java.base/java.lang.reflect.Method.invoke(Method.java:566)
	at org.testng.internal.MethodInvocationHelper.invokeMethod(MethodInvocationHelper.java:85)
	at org.testng.internal.Invoker.invokeMethod(Invoker.java:639)
	at org.testng.internal.Invoker.invokeTestMethod(Invoker.java:816)
	at org.testng.internal.Invoker.invokeTestMethods(Invoker.java:1124)
	at org.testng.internal.TestMethodWorker.invokeTestMethods(TestMethodWorker.java:125)
	at org.testng.internal.TestMethodWorker.run(TestMethodWorker.java:108)
	at org.testng.TestRunner.privateRun(TestRunner.java:774)
	at org.testng.TestRunner.run(TestRunner.java:624)
	at org.testng.SuiteRunner.runTest(SuiteRunner.java:359)
	at org.testng.SuiteRunner.runSequentially(SuiteRunner.java:354)
	at org.testng.SuiteRunner.privateRun(SuiteRunner.java:312)
	at org.testng.SuiteRunner.run(SuiteRunner.java:261)
	at org.testng.SuiteRunnerWorker.runSuite(SuiteRunnerWorker.java:52)
	at org.testng.SuiteRunnerWorker.run(SuiteRunnerWorker.java:86)
	at org.testng.TestNG.runSuitesSequentially(TestNG.java:1215)
	at org.testng.TestNG.runSuitesLocally(TestNG.java:1140)
	at org.testng.TestNG.run(TestNG.java:1048)
	at org.testng.IDEARemoteTestNG.run(IDEARemoteTestNG.java:73)
	at org.testng.RemoteTestNGStarter.main(RemoteTestNGStarter.java:123)
]]>
    </failure>
  </testcase> <!-- verifyWomenFilerProduct -->
  <testcase classname="cartPage.CartPageTest" name="verifyViewCart" time="4.2"/>
  <testcase classname="cartPage.CartPageTest" name="verifyCartSummaryBar" time="4.397"/>
  <testcase classname="cartPage.CartPageTest" name="verifyCartSigninBar" time="4.328"/>
  <testcase classname="cartPage.CartPageTest" name="verifyCartAddressBar" time="3.797"/>
  <testcase classname="cartPage.CartPageTest" name="verifyCartShippingBar" time="4.399"/>
  <testcase classname="cartPage.CartPageTest" name="verifyCartPaymentBar" time="3.46"/>
  <testcase classname="cartPage.CartPageTest" name="verifyAddCart" time="9.868"/>
  <testcase classname="cartPage.CartPageTest" name="verifyCartProductBlouseQuantity" time="9.79"/>
  <testcase classname="cartPage.CartPageTest" name="verifyCartProductChiffonDressQuantity" time="5.834"/>
  <testcase classname="socialMediaPage.SocialMediaPageTest" name="verifySocialBlockFacebook" time="3.426"/>
  <testcase classname="socialMediaPage.SocialMediaPageTest" name="verifySocialBlockTwitter" time="2.523"/>
  <testcase classname="socialMediaPage.SocialMediaPageTest" name="verifySocialBlockYoutube" time="3.398"/>
  <testcase classname="socialMediaPage.SocialMediaPageTest" name="verifySocialBlockGoogleplus" time="2.259"/>
</testsuite> <!-- /Users/ashraf/Documents/SeleniumPagefactoryFramework -->
